{
  "stats": {
    "suites": 1,
    "tests": 2,
    "passes": 2,
    "pending": 0,
    "failures": 0,
    "start": "2022-04-08T04:48:12.265Z",
    "end": "2022-04-08T04:48:18.895Z",
    "duration": 6630,
    "testsRegistered": 2,
    "passPercent": 100,
    "pendingPercent": 0,
    "other": 0,
    "hasOther": false,
    "skipped": 0,
    "hasSkipped": false
  },
  "results": [
    {
      "uuid": "b776d700-b893-43b1-9765-eb55fbc43027",
      "title": "",
      "fullFile": "cypress/integration/Login.spec.js",
      "file": "cypress/integration/Login.spec.js",
      "beforeHooks": [],
      "afterHooks": [],
      "tests": [],
      "suites": [
        {
          "uuid": "d4c1d0d5-c7a7-4599-9392-b13f24303f7e",
          "title": "Sentryc Test Suite",
          "fullFile": "",
          "file": "",
          "beforeHooks": [],
          "afterHooks": [],
          "tests": [
            {
              "title": "Testing Login with a valid email and a valid password",
              "fullTitle": "Sentryc Test Suite Testing Login with a valid email and a valid password",
              "timedOut": null,
              "duration": 4570,
              "state": "passed",
              "speed": "fast",
              "pass": true,
              "fail": false,
              "pending": false,
              "context": null,
              "code": "cy.validEmailValidPassword();",
              "err": {},
              "uuid": "e1e9ba65-dbdd-4976-88af-358b67d4550d",
              "parentUUID": "d4c1d0d5-c7a7-4599-9392-b13f24303f7e",
              "isHook": false,
              "skipped": false
            },
            {
              "title": "Testing Login with an invalid email and valid password",
              "fullTitle": "Sentryc Test Suite Testing Login with an invalid email and valid password",
              "timedOut": null,
              "duration": 2008,
              "state": "passed",
              "speed": "fast",
              "pass": true,
              "fail": false,
              "pending": false,
              "context": null,
              "code": "cy.invalidEmailValidPassword();",
              "err": {},
              "uuid": "c53f0c55-8671-4042-b2e8-2c19de4d5299",
              "parentUUID": "d4c1d0d5-c7a7-4599-9392-b13f24303f7e",
              "isHook": false,
              "skipped": false
            }
          ],
          "suites": [],
          "passes": [
            "e1e9ba65-dbdd-4976-88af-358b67d4550d",
            "c53f0c55-8671-4042-b2e8-2c19de4d5299"
          ],
          "failures": [],
          "pending": [],
          "skipped": [],
          "duration": 6578,
          "root": false,
          "rootEmpty": false,
          "_timeout": 2000
        }
      ],
      "passes": [],
      "failures": [],
      "pending": [],
      "skipped": [],
      "duration": 0,
      "root": true,
      "rootEmpty": true,
      "_timeout": 2000
    }
  ],
  "meta": {
    "mocha": {
      "version": "7.0.1"
    },
    "mochawesome": {
      "options": {
        "quiet": false,
        "reportFilename": "mochawesome",
        "saveHtml": false,
        "saveJson": true,
        "consoleReporter": "spec",
        "useInlineDiffs": false,
        "code": true
      },
      "version": "7.1.3"
    },
    "marge": {
      "options": {
        "id": "default",
        "reportDir": "cypress/reports/mocha",
        "quite": true,
        "overwrite": false,
        "html": false,
        "json": true,
        "video": false
      },
      "version": "6.2.0"
    }
  }
}