{
  "stats": {
    "suites": 1,
    "tests": 2,
    "passes": 2,
    "pending": 0,
    "failures": 0,
    "start": "2022-04-08T04:47:58.550Z",
    "end": "2022-04-08T04:48:03.985Z",
    "duration": 5435,
    "testsRegistered": 2,
    "passPercent": 100,
    "pendingPercent": 0,
    "other": 0,
    "hasOther": false,
    "skipped": 0,
    "hasSkipped": false
  },
  "results": [
    {
      "uuid": "e3bd78d2-60f8-41aa-b949-29c108bd7b55",
      "title": "",
      "fullFile": "cypress/integration/ForgotPassword.spec.js",
      "file": "cypress/integration/ForgotPassword.spec.js",
      "beforeHooks": [],
      "afterHooks": [],
      "tests": [],
      "suites": [
        {
          "uuid": "8632f896-0178-4f07-9cc2-6fc5390a5da7",
          "title": "Forgot Password",
          "fullFile": "",
          "file": "",
          "beforeHooks": [],
          "afterHooks": [],
          "tests": [
            {
              "title": "Testing for Forgot Password Link",
              "fullTitle": "Forgot Password Testing for Forgot Password Link",
              "timedOut": null,
              "duration": 5292,
              "state": "passed",
              "speed": "medium",
              "pass": true,
              "fail": false,
              "pending": false,
              "context": null,
              "code": "cy.forgotPasswordLink();",
              "err": {},
              "uuid": "f039edea-8c82-4c91-9963-fb4428fdcc82",
              "parentUUID": "8632f896-0178-4f07-9cc2-6fc5390a5da7",
              "isHook": false,
              "skipped": false
            },
            {
              "title": "Testing for Email Field on Forgot Password Page",
              "fullTitle": "Forgot Password Testing for Email Field on Forgot Password Page",
              "timedOut": null,
              "duration": 91,
              "state": "passed",
              "speed": "fast",
              "pass": true,
              "fail": false,
              "pending": false,
              "context": null,
              "code": "cy.emailFieldForgotPassword();",
              "err": {},
              "uuid": "e70a6ce3-b408-44ba-91a5-2e36df6f787b",
              "parentUUID": "8632f896-0178-4f07-9cc2-6fc5390a5da7",
              "isHook": false,
              "skipped": false
            }
          ],
          "suites": [],
          "passes": [
            "f039edea-8c82-4c91-9963-fb4428fdcc82",
            "e70a6ce3-b408-44ba-91a5-2e36df6f787b"
          ],
          "failures": [],
          "pending": [],
          "skipped": [],
          "duration": 5383,
          "root": false,
          "rootEmpty": false,
          "_timeout": 2000
        }
      ],
      "passes": [],
      "failures": [],
      "pending": [],
      "skipped": [],
      "duration": 0,
      "root": true,
      "rootEmpty": true,
      "_timeout": 2000
    }
  ],
  "meta": {
    "mocha": {
      "version": "7.0.1"
    },
    "mochawesome": {
      "options": {
        "quiet": false,
        "reportFilename": "mochawesome",
        "saveHtml": false,
        "saveJson": true,
        "consoleReporter": "spec",
        "useInlineDiffs": false,
        "code": true
      },
      "version": "7.1.3"
    },
    "marge": {
      "options": {
        "id": "default",
        "reportDir": "cypress/reports/mocha",
        "quite": true,
        "overwrite": false,
        "html": false,
        "json": true,
        "video": false
      },
      "version": "6.2.0"
    }
  }
}