{
  "stats": {
    "suites": 1,
    "tests": 2,
    "passes": 2,
    "pending": 0,
    "failures": 0,
    "start": "2022-04-08T04:48:26.933Z",
    "end": "2022-04-08T04:48:30.298Z",
    "duration": 3365,
    "testsRegistered": 2,
    "passPercent": 100,
    "pendingPercent": 0,
    "other": 0,
    "hasOther": false,
    "skipped": 0,
    "hasSkipped": false
  },
  "results": [
    {
      "uuid": "728d40fe-3974-4d79-8252-ca854b89aa35",
      "title": "",
      "fullFile": "cypress/integration/TermsAndConditions.spec.js",
      "file": "cypress/integration/TermsAndConditions.spec.js",
      "beforeHooks": [],
      "afterHooks": [],
      "tests": [],
      "suites": [
        {
          "uuid": "7d162a43-640e-41c8-a000-d2f5ec24bc9a",
          "title": "Terms And Conditions",
          "fullFile": "",
          "file": "",
          "beforeHooks": [],
          "afterHooks": [],
          "tests": [
            {
              "title": "Testing for Terms and Conditions",
              "fullTitle": "Terms And Conditions Testing for Terms and Conditions",
              "timedOut": null,
              "duration": 1733,
              "state": "passed",
              "speed": "fast",
              "pass": true,
              "fail": false,
              "pending": false,
              "context": null,
              "code": "cy.terms();",
              "err": {},
              "uuid": "a072c3c2-dd5d-4a41-8190-161fc7812627",
              "parentUUID": "7d162a43-640e-41c8-a000-d2f5ec24bc9a",
              "isHook": false,
              "skipped": false
            },
            {
              "title": "Testing for Terms and Conditions",
              "fullTitle": "Terms And Conditions Testing for Terms and Conditions",
              "timedOut": null,
              "duration": 1540,
              "state": "passed",
              "speed": "fast",
              "pass": true,
              "fail": false,
              "pending": false,
              "context": null,
              "code": "cy.conditions();",
              "err": {},
              "uuid": "4a78453c-b27d-4e9d-9dc5-5873947a0ecf",
              "parentUUID": "7d162a43-640e-41c8-a000-d2f5ec24bc9a",
              "isHook": false,
              "skipped": false
            }
          ],
          "suites": [],
          "passes": [
            "a072c3c2-dd5d-4a41-8190-161fc7812627",
            "4a78453c-b27d-4e9d-9dc5-5873947a0ecf"
          ],
          "failures": [],
          "pending": [],
          "skipped": [],
          "duration": 3273,
          "root": false,
          "rootEmpty": false,
          "_timeout": 2000
        }
      ],
      "passes": [],
      "failures": [],
      "pending": [],
      "skipped": [],
      "duration": 0,
      "root": true,
      "rootEmpty": true,
      "_timeout": 2000
    }
  ],
  "meta": {
    "mocha": {
      "version": "7.0.1"
    },
    "mochawesome": {
      "options": {
        "quiet": false,
        "reportFilename": "mochawesome",
        "saveHtml": false,
        "saveJson": true,
        "consoleReporter": "spec",
        "useInlineDiffs": false,
        "code": true
      },
      "version": "7.1.3"
    },
    "marge": {
      "options": {
        "id": "default",
        "reportDir": "cypress/reports/mocha",
        "quite": true,
        "overwrite": false,
        "html": false,
        "json": true,
        "video": false
      },
      "version": "6.2.0"
    }
  }
}