{
  "stats": {
    "suites": 1,
    "tests": 2,
    "passes": 2,
    "pending": 0,
    "failures": 0,
    "start": "2022-04-08T04:47:24.882Z",
    "end": "2022-04-08T04:47:30.842Z",
    "duration": 5960,
    "testsRegistered": 2,
    "passPercent": 100,
    "pendingPercent": 0,
    "other": 0,
    "hasOther": false,
    "skipped": 0,
    "hasSkipped": false
  },
  "results": [
    {
      "uuid": "ecdfa8c4-44fb-4f64-a63e-e2f62e55290c",
      "title": "",
      "fullFile": "cypress/integration/TermsAndConditions.spec.js",
      "file": "cypress/integration/TermsAndConditions.spec.js",
      "beforeHooks": [],
      "afterHooks": [],
      "tests": [],
      "suites": [
        {
          "uuid": "a6c85900-9c9c-4c0b-8ff4-f65715b0ca7c",
          "title": "Terms And Conditions",
          "fullFile": "",
          "file": "",
          "beforeHooks": [],
          "afterHooks": [],
          "tests": [
            {
              "title": "Testing for Terms and Conditions",
              "fullTitle": "Terms And Conditions Testing for Terms and Conditions",
              "timedOut": null,
              "duration": 4727,
              "state": "passed",
              "speed": "fast",
              "pass": true,
              "fail": false,
              "pending": false,
              "context": null,
              "code": "cy.terms();",
              "err": {},
              "uuid": "75a49a63-8f74-4e69-9f42-a41077990ea8",
              "parentUUID": "a6c85900-9c9c-4c0b-8ff4-f65715b0ca7c",
              "isHook": false,
              "skipped": false
            },
            {
              "title": "Testing for Terms and Conditions",
              "fullTitle": "Terms And Conditions Testing for Terms and Conditions",
              "timedOut": null,
              "duration": 1170,
              "state": "passed",
              "speed": "fast",
              "pass": true,
              "fail": false,
              "pending": false,
              "context": null,
              "code": "cy.conditions();",
              "err": {},
              "uuid": "b52615a4-eb03-449c-9329-a7b956ab1907",
              "parentUUID": "a6c85900-9c9c-4c0b-8ff4-f65715b0ca7c",
              "isHook": false,
              "skipped": false
            }
          ],
          "suites": [],
          "passes": [
            "75a49a63-8f74-4e69-9f42-a41077990ea8",
            "b52615a4-eb03-449c-9329-a7b956ab1907"
          ],
          "failures": [],
          "pending": [],
          "skipped": [],
          "duration": 5897,
          "root": false,
          "rootEmpty": false,
          "_timeout": 2000
        }
      ],
      "passes": [],
      "failures": [],
      "pending": [],
      "skipped": [],
      "duration": 0,
      "root": true,
      "rootEmpty": true,
      "_timeout": 2000
    }
  ],
  "meta": {
    "mocha": {
      "version": "7.0.1"
    },
    "mochawesome": {
      "options": {
        "quiet": false,
        "reportFilename": "mochawesome",
        "saveHtml": false,
        "saveJson": true,
        "consoleReporter": "spec",
        "useInlineDiffs": false,
        "code": true
      },
      "version": "7.1.3"
    },
    "marge": {
      "options": {
        "id": "default",
        "reportDir": "cypress/reports/mocha",
        "quite": true,
        "overwrite": false,
        "html": false,
        "json": true,
        "video": false
      },
      "version": "6.2.0"
    }
  }
}