{
  "stats": {
    "suites": 1,
    "tests": 2,
    "passes": 2,
    "pending": 0,
    "failures": 0,
    "start": "2022-04-08T04:46:55.900Z",
    "end": "2022-04-08T04:47:03.544Z",
    "duration": 7644,
    "testsRegistered": 2,
    "passPercent": 100,
    "pendingPercent": 0,
    "other": 0,
    "hasOther": false,
    "skipped": 0,
    "hasSkipped": false
  },
  "results": [
    {
      "uuid": "0e97a9c4-89c2-42f9-aa06-b2e22b437bca",
      "title": "",
      "fullFile": "cypress/integration/ForgotPassword.spec.js",
      "file": "cypress/integration/ForgotPassword.spec.js",
      "beforeHooks": [],
      "afterHooks": [],
      "tests": [],
      "suites": [
        {
          "uuid": "f1cc164a-f9cf-460d-8e24-1588ecef77c4",
          "title": "Forgot Password",
          "fullFile": "",
          "file": "",
          "beforeHooks": [],
          "afterHooks": [],
          "tests": [
            {
              "title": "Testing for Forgot Password Link",
              "fullTitle": "Forgot Password Testing for Forgot Password Link",
              "timedOut": null,
              "duration": 7382,
              "state": "passed",
              "speed": "medium",
              "pass": true,
              "fail": false,
              "pending": false,
              "context": null,
              "code": "cy.forgotPasswordLink();",
              "err": {},
              "uuid": "acf126fc-afc1-4a7c-8530-31ad66482a42",
              "parentUUID": "f1cc164a-f9cf-460d-8e24-1588ecef77c4",
              "isHook": false,
              "skipped": false
            },
            {
              "title": "Testing for Email Field on Forgot Password Page",
              "fullTitle": "Forgot Password Testing for Email Field on Forgot Password Page",
              "timedOut": null,
              "duration": 178,
              "state": "passed",
              "speed": "fast",
              "pass": true,
              "fail": false,
              "pending": false,
              "context": null,
              "code": "cy.emailFieldForgotPassword();",
              "err": {},
              "uuid": "685ea46c-0f4e-42c8-b46b-4cd1c5c8443f",
              "parentUUID": "f1cc164a-f9cf-460d-8e24-1588ecef77c4",
              "isHook": false,
              "skipped": false
            }
          ],
          "suites": [],
          "passes": [
            "acf126fc-afc1-4a7c-8530-31ad66482a42",
            "685ea46c-0f4e-42c8-b46b-4cd1c5c8443f"
          ],
          "failures": [],
          "pending": [],
          "skipped": [],
          "duration": 7560,
          "root": false,
          "rootEmpty": false,
          "_timeout": 2000
        }
      ],
      "passes": [],
      "failures": [],
      "pending": [],
      "skipped": [],
      "duration": 0,
      "root": true,
      "rootEmpty": true,
      "_timeout": 2000
    }
  ],
  "meta": {
    "mocha": {
      "version": "7.0.1"
    },
    "mochawesome": {
      "options": {
        "quiet": false,
        "reportFilename": "mochawesome",
        "saveHtml": false,
        "saveJson": true,
        "consoleReporter": "spec",
        "useInlineDiffs": false,
        "code": true
      },
      "version": "7.1.3"
    },
    "marge": {
      "options": {
        "id": "default",
        "reportDir": "cypress/reports/mocha",
        "quite": true,
        "overwrite": false,
        "html": false,
        "json": true,
        "video": false
      },
      "version": "6.2.0"
    }
  }
}