{
  "stats": {
    "suites": 1,
    "tests": 2,
    "passes": 2,
    "pending": 0,
    "failures": 0,
    "start": "2022-04-08T04:47:10.537Z",
    "end": "2022-04-08T04:47:18.744Z",
    "duration": 8207,
    "testsRegistered": 2,
    "passPercent": 100,
    "pendingPercent": 0,
    "other": 0,
    "hasOther": false,
    "skipped": 0,
    "hasSkipped": false
  },
  "results": [
    {
      "uuid": "cff95919-1df2-4099-8e95-80b5335e9170",
      "title": "",
      "fullFile": "cypress/integration/Login.spec.js",
      "file": "cypress/integration/Login.spec.js",
      "beforeHooks": [],
      "afterHooks": [],
      "tests": [],
      "suites": [
        {
          "uuid": "c836806e-4d30-4342-b7bf-61025d160b74",
          "title": "Sentryc Test Suite",
          "fullFile": "",
          "file": "",
          "beforeHooks": [],
          "afterHooks": [],
          "tests": [
            {
              "title": "Testing Login with a valid email and a valid password",
              "fullTitle": "Sentryc Test Suite Testing Login with a valid email and a valid password",
              "timedOut": null,
              "duration": 6227,
              "state": "passed",
              "speed": "medium",
              "pass": true,
              "fail": false,
              "pending": false,
              "context": null,
              "code": "cy.validEmailValidPassword();",
              "err": {},
              "uuid": "a6b50c15-555e-4077-a363-3eaa4ac08193",
              "parentUUID": "c836806e-4d30-4342-b7bf-61025d160b74",
              "isHook": false,
              "skipped": false
            },
            {
              "title": "Testing Login with an invalid email and valid password",
              "fullTitle": "Sentryc Test Suite Testing Login with an invalid email and valid password",
              "timedOut": null,
              "duration": 1887,
              "state": "passed",
              "speed": "fast",
              "pass": true,
              "fail": false,
              "pending": false,
              "context": null,
              "code": "cy.invalidEmailValidPassword();",
              "err": {},
              "uuid": "de87d7f1-c911-42e7-addf-9c7034decaf7",
              "parentUUID": "c836806e-4d30-4342-b7bf-61025d160b74",
              "isHook": false,
              "skipped": false
            }
          ],
          "suites": [],
          "passes": [
            "a6b50c15-555e-4077-a363-3eaa4ac08193",
            "de87d7f1-c911-42e7-addf-9c7034decaf7"
          ],
          "failures": [],
          "pending": [],
          "skipped": [],
          "duration": 8114,
          "root": false,
          "rootEmpty": false,
          "_timeout": 2000
        }
      ],
      "passes": [],
      "failures": [],
      "pending": [],
      "skipped": [],
      "duration": 0,
      "root": true,
      "rootEmpty": true,
      "_timeout": 2000
    }
  ],
  "meta": {
    "mocha": {
      "version": "7.0.1"
    },
    "mochawesome": {
      "options": {
        "quiet": false,
        "reportFilename": "mochawesome",
        "saveHtml": false,
        "saveJson": true,
        "consoleReporter": "spec",
        "useInlineDiffs": false,
        "code": true
      },
      "version": "7.1.3"
    },
    "marge": {
      "options": {
        "id": "default",
        "reportDir": "cypress/reports/mocha",
        "quite": true,
        "overwrite": false,
        "html": false,
        "json": true,
        "video": false
      },
      "version": "6.2.0"
    }
  }
}